<?xml version="1.0" encoding="utf-8"?><testsuites><testsuite name="pytest" errors="0" failures="0" skipped="0" tests="4" time="0.020" timestamp="2025-03-22T05:05:30.347742+08:00" hostname="Edmond"><testcase classname="samplepackage.test_SampleFile" name="test_sample_one" time="0.001" /><testcase classname="samplepackage.test_SampleFile" name="test_sample_two" time="0.000" /><testcase classname="samplepackage.test_SampleFile" name="test_sample_three" time="0.000" /><testcase classname="samplepackage.test_SampleFile2" name="test_sample_file_two" time="0.000" /></testsuite></testsuites>